<!DOCTYPE html PUBLIC "-//W3C//DTD XHTML 1.1//EN" "https://www.w3.org/TR/xhtml11/DTD/xhtml11.dtd">
<html xmlns="https://www.w3.org/1999/xhtml">
<head>
<meta http-equiv="content-type" content="text/html; charset=UTF-8"/>
<title>TestNG Report</title>
<style type="text/css">table {margin-bottom:10px;border-collapse:collapse;empty-cells:show}th,td {border:1px solid #009;padding:.25em .5em}th {vertical-align:bottom}td {vertical-align:top}table a {font-weight:bold}.stripe td {background-color: #E6EBF9}.num {text-align:right}.passedodd td {background-color: #3F3}.passedeven td {background-color: #0A0}.skippedodd td {background-color: #DDD}.skippedeven td {background-color: #CCC}.failedodd td,.attn {background-color: #F33}.failedeven td,.stripe .attn {background-color: #D00}.stacktrace {white-space:pre;font-family:monospace}.totop {font-size:85%;text-align:center;border-bottom:2px solid #000}.invisible {display:none}</style>
</head>
<body>
<table>
<tr><th>Test</th><th># Passed</th><th># Skipped</th><th># Retried</th><th># Failed</th><th>Time (ms)</th><th>Included Groups</th><th>Excluded Groups</th></tr>
<tr><th colspan="8">Sanity Test Suite</th></tr>
<tr><td><a href="#t0">Release 2022.5 Sanity Testing</a></td><td class="num">4</td><td class="num">0</td><td class="num">0</td><td class="num attn">2</td><td class="num">122,425</td><td>P0, P1, P2</td><td></td></tr>
</table>
<table id='summary'><thead><tr><th>Class</th><th>Method</th><th>Start</th><th>Time (ms)</th></tr></thead><tbody><tr><th colspan="4">Sanity Test Suite</th></tr></tbody><tbody id="t0"><tr><th colspan="4">Release 2022.5 Sanity Testing &#8212; failed</th></tr><tr class="failedeven"><td rowspan="2">com.framework.tests.Ebay_Advanced_Search_Sanity</td><td><a href="#m0">advanced_search_keywords_test</a></td><td rowspan="1">1652060575011</td><td rowspan="1">19760</td></tr><tr class="failedeven"><td><a href="#m1">category_options_in_ascending_order_test</a></td><td rowspan="1">1652060603869</td><td rowspan="1">4778</td></tr><tr><th colspan="4">Release 2022.5 Sanity Testing &#8212; passed</th></tr><tr class="passedeven"><td rowspan="2">com.framework.tests.Ebay_Advanced_Search_Sanity</td><td><a href="#m2">ebay_logo_link_navigates_home_page_test</a></td><td rowspan="1">1652060617893</td><td rowspan="1">5823</td></tr><tr class="passedeven"><td><a href="#m3">empty_Advanced_Search_Test</a></td><td rowspan="1">1652060631016</td><td rowspan="1">8279</td></tr><tr class="passedodd"><td rowspan="2">com.framework.tests.Ebay_Home_Sanity</td><td><a href="#m4">empty_Search_test_softassert</a></td><td rowspan="1">1652060648135</td><td rowspan="1">16084</td></tr><tr class="passedodd"><td><a href="#m5">empty_search_test</a></td><td rowspan="1">1652060674322</td><td rowspan="1">13783</td></tr></tbody>
</table>
<h2>Release 2022.5 Sanity Testing</h2><h3 id="m0">com.framework.tests.Ebay_Advanced_Search_Sanity#advanced_search_keywords_test</h3><table class="result"><tr><th>Exception</th></tr><tr><td><div class="stacktrace">org.openqa.selenium.NoSuchElementException: no such element: Unable to locate element: {&quot;method&quot;:&quot;xpath&quot;,&quot;selector&quot;:&quot;//a[contains(text(),&apos;Apple iPhone XS 64GB Unlocked Smartphone - Very Good&apos;)]&quot;}
  (Session info: chrome=101.0.4951.54)
For documentation on this error, please visit: https://selenium.dev/exceptions/#no_such_element
Build info: version: &apos;4.1.3&apos;, revision: &apos;7b1ebf28ef&apos;
System info: host: &apos;INPUEN-DL146&apos;, ip: &apos;192.168.43.72&apos;, os.name: &apos;Windows 10&apos;, os.arch: &apos;amd64&apos;, os.version: &apos;10.0&apos;, java.version: &apos;11.0.13&apos;
Driver info: org.openqa.selenium.chrome.ChromeDriver
Command: [d88b1a04e0f9cdd93957b63b948e100f, findElement {using=xpath, value=//a[contains(text(),&apos;Apple iPhone XS 64GB Unlocked Smartphone - Very Good&apos;)]}]
Capabilities {acceptInsecureCerts: false, browserName: chrome, browserVersion: 101.0.4951.54, chrome: {chromedriverVersion: 100.0.4896.60 (6a5d10861ce8..., userDataDir: C:\Users\dd56783\AppData\Lo...}, goog:chromeOptions: {debuggerAddress: localhost:58125}, javascriptEnabled: true, networkConnectionEnabled: false, pageLoadStrategy: normal, platform: WINDOWS, platformName: WINDOWS, proxy: Proxy(), se:cdp: ws://localhost:58125/devtoo..., se:cdpVersion: 101.0.4951.54, setWindowRect: true, strictFileInteractability: false, timeouts: {implicit: 0, pageLoad: 300000, script: 30000}, unhandledPromptBehavior: dismiss and notify, webauthn:extension:credBlob: true, webauthn:extension:largeBlob: true, webauthn:virtualAuthenticators: true}
Session ID: d88b1a04e0f9cdd93957b63b948e100f
	at org.openqa.selenium.remote.codec.w3c.W3CHttpResponseCodec.createException(W3CHttpResponseCodec.java:200)
	at org.openqa.selenium.remote.codec.w3c.W3CHttpResponseCodec.decode(W3CHttpResponseCodec.java:133)
	at org.openqa.selenium.remote.codec.w3c.W3CHttpResponseCodec.decode(W3CHttpResponseCodec.java:53)
	at org.openqa.selenium.remote.HttpCommandExecutor.execute(HttpCommandExecutor.java:184)
	at org.openqa.selenium.remote.service.DriverCommandExecutor.invokeExecute(DriverCommandExecutor.java:167)
	at org.openqa.selenium.remote.service.DriverCommandExecutor.execute(DriverCommandExecutor.java:142)
	at org.openqa.selenium.remote.RemoteWebDriver.execute(RemoteWebDriver.java:567)
	at org.openqa.selenium.remote.ElementLocation$ElementFinder$2.findElement(ElementLocation.java:162)
	at org.openqa.selenium.remote.ElementLocation.findElement(ElementLocation.java:60)
	at org.openqa.selenium.remote.RemoteWebDriver.findElement(RemoteWebDriver.java:385)
	at org.openqa.selenium.remote.RemoteWebDriver.findElement(RemoteWebDriver.java:377)
	at org.openqa.selenium.support.pagefactory.DefaultElementLocator.findElement(DefaultElementLocator.java:70)
	at org.openqa.selenium.support.pagefactory.internal.LocatingElementHandler.invoke(LocatingElementHandler.java:39)
	at com.sun.proxy.$Proxy21.getText(Unknown Source)
	at com.framework.pages.Ebay_Search_Results_Page.getFirstResultTitle(Ebay_Search_Results_Page.java:22)
	at com.framework.tests.Ebay_Advanced_Search_Sanity.advanced_search_keywords_test(Ebay_Advanced_Search_Sanity.java:90)
	at java.base/java.util.ArrayList.forEach(ArrayList.java:1541)
... Removed 31 stack frames</div></td></tr></table><p class="totop"><a href="#summary">back to summary</a></p>
<h3 id="m1">com.framework.tests.Ebay_Advanced_Search_Sanity#category_options_in_ascending_order_test</h3><table class="result"><tr><th>Exception</th></tr><tr><td><div class="stacktrace">java.lang.AssertionError: Verify Category Items Sorted expected [true] but found [false]
	at com.framework.tests.Ebay_Advanced_Search_Sanity.category_options_in_ascending_order_test(Ebay_Advanced_Search_Sanity.java:56)
	at java.base/java.util.ArrayList.forEach(ArrayList.java:1541)
... Removed 30 stack frames</div></td></tr></table><p class="totop"><a href="#summary">back to summary</a></p>
<h3 id="m2">com.framework.tests.Ebay_Advanced_Search_Sanity#ebay_logo_link_navigates_home_page_test</h3><table class="result"><tr><th class="invisible"/></tr></table><p class="totop"><a href="#summary">back to summary</a></p>
<h3 id="m3">com.framework.tests.Ebay_Advanced_Search_Sanity#empty_Advanced_Search_Test</h3><table class="result"><tr><th class="invisible"/></tr></table><p class="totop"><a href="#summary">back to summary</a></p>
<h3 id="m4">com.framework.tests.Ebay_Home_Sanity#empty_Search_test_softassert</h3><table class="result"><tr><th class="invisible"/></tr></table><p class="totop"><a href="#summary">back to summary</a></p>
<h3 id="m5">com.framework.tests.Ebay_Home_Sanity#empty_search_test</h3><table class="result"><tr><th class="invisible"/></tr></table><p class="totop"><a href="#summary">back to summary</a></p>
</body>
</html>
