<?xml version="1.0" encoding="UTF-8"?>
<testng-results ignored="0" total="6" passed="4" failed="2" skipped="0">
  <reporter-output>
  </reporter-output>
  <suite started-at="2022-05-09T07:12:46 IST" name="Sanity Test Suite" finished-at="2022-05-09T07:14:48 IST" duration-ms="122425">
    <groups>
      <group name="P0">
        <method signature="Ebay_Advanced_Search_Sanity.ebay_logo_link_navigates_home_page_test()[pri:0, instance:com.framework.tests.Ebay_Advanced_Search_Sanity@32502377]" name="ebay_logo_link_navigates_home_page_test" class="com.framework.tests.Ebay_Advanced_Search_Sanity"/>
        <method signature="Ebay_Advanced_Search_Sanity.empty_Advanced_Search_Test()[pri:0, instance:com.framework.tests.Ebay_Advanced_Search_Sanity@32502377]" name="empty_Advanced_Search_Test" class="com.framework.tests.Ebay_Advanced_Search_Sanity"/>
        <method signature="Ebay_Home_Sanity.empty_search_test()[pri:0, instance:com.framework.tests.Ebay_Home_Sanity@4d5650ae]" name="empty_search_test" class="com.framework.tests.Ebay_Home_Sanity"/>
      </group> <!-- P0 -->
      <group name="P1">
        <method signature="Ebay_Advanced_Search_Sanity.advanced_search_keywords_test()[pri:0, instance:com.framework.tests.Ebay_Advanced_Search_Sanity@32502377]" name="advanced_search_keywords_test" class="com.framework.tests.Ebay_Advanced_Search_Sanity"/>
        <method signature="Ebay_Advanced_Search_Sanity.ebay_logo_link_navigates_home_page_test()[pri:0, instance:com.framework.tests.Ebay_Advanced_Search_Sanity@32502377]" name="ebay_logo_link_navigates_home_page_test" class="com.framework.tests.Ebay_Advanced_Search_Sanity"/>
        <method signature="Ebay_Home_Sanity.empty_Search_test_softassert()[pri:0, instance:com.framework.tests.Ebay_Home_Sanity@4d5650ae]" name="empty_Search_test_softassert" class="com.framework.tests.Ebay_Home_Sanity"/>
        <method signature="Ebay_Home_Sanity.empty_search_test()[pri:0, instance:com.framework.tests.Ebay_Home_Sanity@4d5650ae]" name="empty_search_test" class="com.framework.tests.Ebay_Home_Sanity"/>
      </group> <!-- P1 -->
      <group name="P2">
        <method signature="Ebay_Advanced_Search_Sanity.category_options_in_ascending_order_test()[pri:0, instance:com.framework.tests.Ebay_Advanced_Search_Sanity@32502377]" name="category_options_in_ascending_order_test" class="com.framework.tests.Ebay_Advanced_Search_Sanity"/>
        <method signature="Ebay_Home_Sanity.empty_Search_test_softassert()[pri:0, instance:com.framework.tests.Ebay_Home_Sanity@4d5650ae]" name="empty_Search_test_softassert" class="com.framework.tests.Ebay_Home_Sanity"/>
      </group> <!-- P2 -->
      <group name="P3">
        <method signature="Ebay_Advanced_Search_Sanity.category_options_in_ascending_order_test()[pri:0, instance:com.framework.tests.Ebay_Advanced_Search_Sanity@32502377]" name="category_options_in_ascending_order_test" class="com.framework.tests.Ebay_Advanced_Search_Sanity"/>
      </group> <!-- P3 -->
    </groups>
    <test started-at="2022-05-09T07:12:46 IST" name="Release 2022.5 Sanity Testing" finished-at="2022-05-09T07:14:48 IST" duration-ms="122425">
      <class name="com.framework.tests.Ebay_Home_Sanity">
        <test-method is-config="true" signature="Setup(java.lang.String,java.lang.String)[pri:0, instance:com.framework.tests.Ebay_Home_Sanity@4d5650ae]" started-at="2022-05-09T07:14:00 IST" name="Setup" finished-at="2022-05-09T07:14:08 IST" duration-ms="7142" status="PASS">
          <params>
            <param index="0">
              <value>
                <![CDATA[chrome]]>
              </value>
            </param>
            <param index="1">
              <value>
                <![CDATA[D:\\Eclipse\\ChromeDrivers\\chromedriver.exe]]>
              </value>
            </param>
          </params>
          <reporter-output>
          </reporter-output>
        </test-method> <!-- Setup -->
        <test-method signature="empty_Search_test_softassert()[pri:0, instance:com.framework.tests.Ebay_Home_Sanity@4d5650ae]" started-at="2022-05-09T07:14:08 IST" name="empty_Search_test_softassert" finished-at="2022-05-09T07:14:24 IST" duration-ms="16084" status="PASS">
          <reporter-output>
          </reporter-output>
        </test-method> <!-- empty_Search_test_softassert -->
        <test-method is-config="true" signature="tearDown()[pri:0, instance:com.framework.tests.Ebay_Home_Sanity@4d5650ae]" started-at="2022-05-09T07:14:24 IST" name="tearDown" finished-at="2022-05-09T07:14:29 IST" duration-ms="5195" status="PASS">
          <reporter-output>
          </reporter-output>
        </test-method> <!-- tearDown -->
        <test-method is-config="true" signature="Setup(java.lang.String,java.lang.String)[pri:0, instance:com.framework.tests.Ebay_Home_Sanity@4d5650ae]" started-at="2022-05-09T07:14:29 IST" name="Setup" finished-at="2022-05-09T07:14:34 IST" duration-ms="4905" status="PASS">
          <params>
            <param index="0">
              <value>
                <![CDATA[chrome]]>
              </value>
            </param>
            <param index="1">
              <value>
                <![CDATA[D:\\Eclipse\\ChromeDrivers\\chromedriver.exe]]>
              </value>
            </param>
          </params>
          <reporter-output>
          </reporter-output>
        </test-method> <!-- Setup -->
        <test-method signature="empty_search_test()[pri:0, instance:com.framework.tests.Ebay_Home_Sanity@4d5650ae]" started-at="2022-05-09T07:14:34 IST" name="empty_search_test" finished-at="2022-05-09T07:14:48 IST" duration-ms="13783" status="PASS">
          <reporter-output>
          </reporter-output>
        </test-method> <!-- empty_search_test -->
        <test-method is-config="true" signature="tearDown()[pri:0, instance:com.framework.tests.Ebay_Home_Sanity@4d5650ae]" started-at="2022-05-09T07:14:48 IST" name="tearDown" finished-at="2022-05-09T07:14:48 IST" duration-ms="692" status="PASS">
          <reporter-output>
          </reporter-output>
        </test-method> <!-- tearDown -->
      </class> <!-- com.framework.tests.Ebay_Home_Sanity -->
      <class name="com.framework.tests.Ebay_Advanced_Search_Sanity">
        <test-method is-config="true" signature="Setup(java.lang.String,java.lang.String)[pri:0, instance:com.framework.tests.Ebay_Advanced_Search_Sanity@32502377]" started-at="2022-05-09T07:12:46 IST" name="Setup" finished-at="2022-05-09T07:12:55 IST" duration-ms="8568" status="PASS">
          <params>
            <param index="0">
              <value>
                <![CDATA[chrome]]>
              </value>
            </param>
            <param index="1">
              <value>
                <![CDATA[D:\\Eclipse\\ChromeDrivers\\chromedriver.exe]]>
              </value>
            </param>
          </params>
          <reporter-output>
          </reporter-output>
        </test-method> <!-- Setup -->
        <test-method signature="advanced_search_keywords_test()[pri:0, instance:com.framework.tests.Ebay_Advanced_Search_Sanity@32502377]" started-at="2022-05-09T07:12:55 IST" name="advanced_search_keywords_test" finished-at="2022-05-09T07:13:14 IST" duration-ms="19760" status="FAIL">
          <exception class="org.openqa.selenium.NoSuchElementException">
            <message>
              <![CDATA[no such element: Unable to locate element: {"method":"xpath","selector":"//a[contains(text(),'Apple iPhone XS 64GB Unlocked Smartphone - Very Good')]"}
  (Session info: chrome=101.0.4951.54)
For documentation on this error, please visit: https://selenium.dev/exceptions/#no_such_element
Build info: version: '4.1.3', revision: '7b1ebf28ef'
System info: host: 'INPUEN-DL146', ip: '192.168.43.72', os.name: 'Windows 10', os.arch: 'amd64', os.version: '10.0', java.version: '11.0.13'
Driver info: org.openqa.selenium.chrome.ChromeDriver
Command: [d88b1a04e0f9cdd93957b63b948e100f, findElement {using=xpath, value=//a[contains(text(),'Apple iPhone XS 64GB Unlocked Smartphone - Very Good')]}]
Capabilities {acceptInsecureCerts: false, browserName: chrome, browserVersion: 101.0.4951.54, chrome: {chromedriverVersion: 100.0.4896.60 (6a5d10861ce8..., userDataDir: C:\Users\dd56783\AppData\Lo...}, goog:chromeOptions: {debuggerAddress: localhost:58125}, javascriptEnabled: true, networkConnectionEnabled: false, pageLoadStrategy: normal, platform: WINDOWS, platformName: WINDOWS, proxy: Proxy(), se:cdp: ws://localhost:58125/devtoo..., se:cdpVersion: 101.0.4951.54, setWindowRect: true, strictFileInteractability: false, timeouts: {implicit: 0, pageLoad: 300000, script: 30000}, unhandledPromptBehavior: dismiss and notify, webauthn:extension:credBlob: true, webauthn:extension:largeBlob: true, webauthn:virtualAuthenticators: true}
Session ID: d88b1a04e0f9cdd93957b63b948e100f]]>
            </message>
            <full-stacktrace>
              <![CDATA[org.openqa.selenium.NoSuchElementException: no such element: Unable to locate element: {"method":"xpath","selector":"//a[contains(text(),'Apple iPhone XS 64GB Unlocked Smartphone - Very Good')]"}
  (Session info: chrome=101.0.4951.54)
For documentation on this error, please visit: https://selenium.dev/exceptions/#no_such_element
Build info: version: '4.1.3', revision: '7b1ebf28ef'
System info: host: 'INPUEN-DL146', ip: '192.168.43.72', os.name: 'Windows 10', os.arch: 'amd64', os.version: '10.0', java.version: '11.0.13'
Driver info: org.openqa.selenium.chrome.ChromeDriver
Command: [d88b1a04e0f9cdd93957b63b948e100f, findElement {using=xpath, value=//a[contains(text(),'Apple iPhone XS 64GB Unlocked Smartphone - Very Good')]}]
Capabilities {acceptInsecureCerts: false, browserName: chrome, browserVersion: 101.0.4951.54, chrome: {chromedriverVersion: 100.0.4896.60 (6a5d10861ce8..., userDataDir: C:\Users\dd56783\AppData\Lo...}, goog:chromeOptions: {debuggerAddress: localhost:58125}, javascriptEnabled: true, networkConnectionEnabled: false, pageLoadStrategy: normal, platform: WINDOWS, platformName: WINDOWS, proxy: Proxy(), se:cdp: ws://localhost:58125/devtoo..., se:cdpVersion: 101.0.4951.54, setWindowRect: true, strictFileInteractability: false, timeouts: {implicit: 0, pageLoad: 300000, script: 30000}, unhandledPromptBehavior: dismiss and notify, webauthn:extension:credBlob: true, webauthn:extension:largeBlob: true, webauthn:virtualAuthenticators: true}
Session ID: d88b1a04e0f9cdd93957b63b948e100f
at java.base/jdk.internal.reflect.NativeConstructorAccessorImpl.newInstance0(Native Method)
at java.base/jdk.internal.reflect.NativeConstructorAccessorImpl.newInstance(NativeConstructorAccessorImpl.java:62)
at java.base/jdk.internal.reflect.DelegatingConstructorAccessorImpl.newInstance(DelegatingConstructorAccessorImpl.java:45)
at java.base/java.lang.reflect.Constructor.newInstance(Constructor.java:490)
at org.openqa.selenium.remote.codec.w3c.W3CHttpResponseCodec.createException(W3CHttpResponseCodec.java:200)
at org.openqa.selenium.remote.codec.w3c.W3CHttpResponseCodec.decode(W3CHttpResponseCodec.java:133)
at org.openqa.selenium.remote.codec.w3c.W3CHttpResponseCodec.decode(W3CHttpResponseCodec.java:53)
at org.openqa.selenium.remote.HttpCommandExecutor.execute(HttpCommandExecutor.java:184)
at org.openqa.selenium.remote.service.DriverCommandExecutor.invokeExecute(DriverCommandExecutor.java:167)
at org.openqa.selenium.remote.service.DriverCommandExecutor.execute(DriverCommandExecutor.java:142)
at org.openqa.selenium.remote.RemoteWebDriver.execute(RemoteWebDriver.java:567)
at org.openqa.selenium.remote.ElementLocation$ElementFinder$2.findElement(ElementLocation.java:162)
at org.openqa.selenium.remote.ElementLocation.findElement(ElementLocation.java:60)
at org.openqa.selenium.remote.RemoteWebDriver.findElement(RemoteWebDriver.java:385)
at org.openqa.selenium.remote.RemoteWebDriver.findElement(RemoteWebDriver.java:377)
at org.openqa.selenium.support.pagefactory.DefaultElementLocator.findElement(DefaultElementLocator.java:70)
at org.openqa.selenium.support.pagefactory.internal.LocatingElementHandler.invoke(LocatingElementHandler.java:39)
at com.sun.proxy.$Proxy21.getText(Unknown Source)
at com.framework.pages.Ebay_Search_Results_Page.getFirstResultTitle(Ebay_Search_Results_Page.java:22)
at com.framework.tests.Ebay_Advanced_Search_Sanity.advanced_search_keywords_test(Ebay_Advanced_Search_Sanity.java:90)
at java.base/jdk.internal.reflect.NativeMethodAccessorImpl.invoke0(Native Method)
at java.base/jdk.internal.reflect.NativeMethodAccessorImpl.invoke(NativeMethodAccessorImpl.java:62)
at java.base/jdk.internal.reflect.DelegatingMethodAccessorImpl.invoke(DelegatingMethodAccessorImpl.java:43)
at java.base/java.lang.reflect.Method.invoke(Method.java:566)
at org.testng.internal.MethodInvocationHelper.invokeMethod(MethodInvocationHelper.java:133)
at org.testng.internal.TestInvoker.invokeMethod(TestInvoker.java:598)
at org.testng.internal.TestInvoker.invokeTestMethod(TestInvoker.java:173)
at org.testng.internal.MethodRunner.runInSequence(MethodRunner.java:46)
at org.testng.internal.TestInvoker$MethodInvocationAgent.invoke(TestInvoker.java:824)
at org.testng.internal.TestInvoker.invokeTestMethods(TestInvoker.java:146)
at org.testng.internal.TestMethodWorker.invokeTestMethods(TestMethodWorker.java:146)
at org.testng.internal.TestMethodWorker.run(TestMethodWorker.java:128)
at java.base/java.util.ArrayList.forEach(ArrayList.java:1541)
at org.testng.TestRunner.privateRun(TestRunner.java:794)
at org.testng.TestRunner.run(TestRunner.java:596)
at org.testng.SuiteRunner.runTest(SuiteRunner.java:377)
at org.testng.SuiteRunner.runSequentially(SuiteRunner.java:371)
at org.testng.SuiteRunner.privateRun(SuiteRunner.java:332)
at org.testng.SuiteRunner.run(SuiteRunner.java:276)
at org.testng.SuiteRunnerWorker.runSuite(SuiteRunnerWorker.java:53)
at org.testng.SuiteRunnerWorker.run(SuiteRunnerWorker.java:96)
at org.testng.TestNG.runSuitesSequentially(TestNG.java:1212)
at org.testng.TestNG.runSuitesLocally(TestNG.java:1134)
at org.testng.TestNG.runSuites(TestNG.java:1063)
at org.testng.TestNG.run(TestNG.java:1031)
at org.testng.remote.AbstractRemoteTestNG.run(AbstractRemoteTestNG.java:115)
at org.testng.remote.RemoteTestNG.initAndRun(RemoteTestNG.java:251)
at org.testng.remote.RemoteTestNG.main(RemoteTestNG.java:77)
]]>
            </full-stacktrace>
          </exception> <!-- org.openqa.selenium.NoSuchElementException -->
          <reporter-output>
          </reporter-output>
        </test-method> <!-- advanced_search_keywords_test -->
        <test-method is-config="true" signature="tearDown()[pri:0, instance:com.framework.tests.Ebay_Advanced_Search_Sanity@32502377]" started-at="2022-05-09T07:13:14 IST" name="tearDown" finished-at="2022-05-09T07:13:19 IST" duration-ms="5002" status="PASS">
          <reporter-output>
          </reporter-output>
        </test-method> <!-- tearDown -->
        <test-method is-config="true" signature="Setup(java.lang.String,java.lang.String)[pri:0, instance:com.framework.tests.Ebay_Advanced_Search_Sanity@32502377]" started-at="2022-05-09T07:13:19 IST" name="Setup" finished-at="2022-05-09T07:13:23 IST" duration-ms="4080" status="PASS">
          <params>
            <param index="0">
              <value>
                <![CDATA[chrome]]>
              </value>
            </param>
            <param index="1">
              <value>
                <![CDATA[D:\\Eclipse\\ChromeDrivers\\chromedriver.exe]]>
              </value>
            </param>
          </params>
          <reporter-output>
          </reporter-output>
        </test-method> <!-- Setup -->
        <test-method signature="category_options_in_ascending_order_test()[pri:0, instance:com.framework.tests.Ebay_Advanced_Search_Sanity@32502377]" started-at="2022-05-09T07:13:23 IST" name="category_options_in_ascending_order_test" finished-at="2022-05-09T07:13:28 IST" duration-ms="4778" status="FAIL">
          <exception class="java.lang.AssertionError">
            <message>
              <![CDATA[Verify Category Items Sorted expected [true] but found [false]]]>
            </message>
            <full-stacktrace>
              <![CDATA[java.lang.AssertionError: Verify Category Items Sorted expected [true] but found [false]
at org.testng.Assert.fail(Assert.java:99)
at org.testng.Assert.failNotEquals(Assert.java:1037)
at org.testng.Assert.assertTrue(Assert.java:45)
at com.framework.tests.Ebay_Advanced_Search_Sanity.category_options_in_ascending_order_test(Ebay_Advanced_Search_Sanity.java:56)
at java.base/jdk.internal.reflect.NativeMethodAccessorImpl.invoke0(Native Method)
at java.base/jdk.internal.reflect.NativeMethodAccessorImpl.invoke(NativeMethodAccessorImpl.java:62)
at java.base/jdk.internal.reflect.DelegatingMethodAccessorImpl.invoke(DelegatingMethodAccessorImpl.java:43)
at java.base/java.lang.reflect.Method.invoke(Method.java:566)
at org.testng.internal.MethodInvocationHelper.invokeMethod(MethodInvocationHelper.java:133)
at org.testng.internal.TestInvoker.invokeMethod(TestInvoker.java:598)
at org.testng.internal.TestInvoker.invokeTestMethod(TestInvoker.java:173)
at org.testng.internal.MethodRunner.runInSequence(MethodRunner.java:46)
at org.testng.internal.TestInvoker$MethodInvocationAgent.invoke(TestInvoker.java:824)
at org.testng.internal.TestInvoker.invokeTestMethods(TestInvoker.java:146)
at org.testng.internal.TestMethodWorker.invokeTestMethods(TestMethodWorker.java:146)
at org.testng.internal.TestMethodWorker.run(TestMethodWorker.java:128)
at java.base/java.util.ArrayList.forEach(ArrayList.java:1541)
at org.testng.TestRunner.privateRun(TestRunner.java:794)
at org.testng.TestRunner.run(TestRunner.java:596)
at org.testng.SuiteRunner.runTest(SuiteRunner.java:377)
at org.testng.SuiteRunner.runSequentially(SuiteRunner.java:371)
at org.testng.SuiteRunner.privateRun(SuiteRunner.java:332)
at org.testng.SuiteRunner.run(SuiteRunner.java:276)
at org.testng.SuiteRunnerWorker.runSuite(SuiteRunnerWorker.java:53)
at org.testng.SuiteRunnerWorker.run(SuiteRunnerWorker.java:96)
at org.testng.TestNG.runSuitesSequentially(TestNG.java:1212)
at org.testng.TestNG.runSuitesLocally(TestNG.java:1134)
at org.testng.TestNG.runSuites(TestNG.java:1063)
at org.testng.TestNG.run(TestNG.java:1031)
at org.testng.remote.AbstractRemoteTestNG.run(AbstractRemoteTestNG.java:115)
at org.testng.remote.RemoteTestNG.initAndRun(RemoteTestNG.java:251)
at org.testng.remote.RemoteTestNG.main(RemoteTestNG.java:77)
]]>
            </full-stacktrace>
          </exception> <!-- java.lang.AssertionError -->
          <reporter-output>
          </reporter-output>
        </test-method> <!-- category_options_in_ascending_order_test -->
        <test-method is-config="true" signature="tearDown()[pri:0, instance:com.framework.tests.Ebay_Advanced_Search_Sanity@32502377]" started-at="2022-05-09T07:13:28 IST" name="tearDown" finished-at="2022-05-09T07:13:33 IST" duration-ms="5001" status="PASS">
          <reporter-output>
          </reporter-output>
        </test-method> <!-- tearDown -->
        <test-method is-config="true" signature="Setup(java.lang.String,java.lang.String)[pri:0, instance:com.framework.tests.Ebay_Advanced_Search_Sanity@32502377]" started-at="2022-05-09T07:13:33 IST" name="Setup" finished-at="2022-05-09T07:13:37 IST" duration-ms="4239" status="PASS">
          <params>
            <param index="0">
              <value>
                <![CDATA[chrome]]>
              </value>
            </param>
            <param index="1">
              <value>
                <![CDATA[D:\\Eclipse\\ChromeDrivers\\chromedriver.exe]]>
              </value>
            </param>
          </params>
          <reporter-output>
          </reporter-output>
        </test-method> <!-- Setup -->
        <test-method signature="ebay_logo_link_navigates_home_page_test()[pri:0, instance:com.framework.tests.Ebay_Advanced_Search_Sanity@32502377]" started-at="2022-05-09T07:13:37 IST" name="ebay_logo_link_navigates_home_page_test" finished-at="2022-05-09T07:13:43 IST" duration-ms="5823" status="PASS">
          <reporter-output>
          </reporter-output>
        </test-method> <!-- ebay_logo_link_navigates_home_page_test -->
        <test-method is-config="true" signature="tearDown()[pri:0, instance:com.framework.tests.Ebay_Advanced_Search_Sanity@32502377]" started-at="2022-05-09T07:13:43 IST" name="tearDown" finished-at="2022-05-09T07:13:45 IST" duration-ms="1978" status="PASS">
          <reporter-output>
          </reporter-output>
        </test-method> <!-- tearDown -->
        <test-method is-config="true" signature="Setup(java.lang.String,java.lang.String)[pri:0, instance:com.framework.tests.Ebay_Advanced_Search_Sanity@32502377]" started-at="2022-05-09T07:13:45 IST" name="Setup" finished-at="2022-05-09T07:13:51 IST" duration-ms="5319" status="PASS">
          <params>
            <param index="0">
              <value>
                <![CDATA[chrome]]>
              </value>
            </param>
            <param index="1">
              <value>
                <![CDATA[D:\\Eclipse\\ChromeDrivers\\chromedriver.exe]]>
              </value>
            </param>
          </params>
          <reporter-output>
          </reporter-output>
        </test-method> <!-- Setup -->
        <test-method signature="empty_Advanced_Search_Test()[pri:0, instance:com.framework.tests.Ebay_Advanced_Search_Sanity@32502377]" started-at="2022-05-09T07:13:51 IST" name="empty_Advanced_Search_Test" finished-at="2022-05-09T07:13:59 IST" duration-ms="8279" status="PASS">
          <reporter-output>
          </reporter-output>
        </test-method> <!-- empty_Advanced_Search_Test -->
        <test-method is-config="true" signature="tearDown()[pri:0, instance:com.framework.tests.Ebay_Advanced_Search_Sanity@32502377]" started-at="2022-05-09T07:13:59 IST" name="tearDown" finished-at="2022-05-09T07:14:00 IST" duration-ms="1694" status="PASS">
          <reporter-output>
          </reporter-output>
        </test-method> <!-- tearDown -->
      </class> <!-- com.framework.tests.Ebay_Advanced_Search_Sanity -->
    </test> <!-- Release 2022.5 Sanity Testing -->
  </suite> <!-- Sanity Test Suite -->
</testng-results>
